<?xml version="1.0" encoding="UTF-8"?>
<!-- Generated by org.testng.reporters.JUnitXMLReporter -->
<testsuite ignored="0" hostname="DESKTOP-C7R51I3" failures="0" tests="4" name="Ecommerce Functional Tests" time="23.616" errors="0" timestamp="2025-12-11T19:56:55 WAT">
  <testcase classname="tests.NavigationTest" name="testHomePageLoads" time="1.767"/>
  <testcase classname="tests.SearchTest" name="testProductSearch" time="2.212"/>
  <testcase classname="tests.AddToCartTest" name="testAddProductToCart" time="3.114"/>
  <testcase classname="tests.CheckoutTest" name="testCheckoutProcess" time="11.155"/>
</testsuite> <!-- Ecommerce Functional Tests -->
