<?xml version="1.0" encoding="UTF-8"?>
<testng-results ignored="0" total="4" passed="4" failed="0" skipped="0">
  <reporter-output>
  </reporter-output>
  <suite started-at="2025-12-11T19:56:31 WAT" name="Ecommerce Test Suite" finished-at="2025-12-11T19:56:55 WAT" duration-ms="23616">
    <groups>
    </groups>
    <test started-at="2025-12-11T19:56:31 WAT" name="Ecommerce Functional Tests" finished-at="2025-12-11T19:56:55 WAT" duration-ms="23616">
      <class name="tests.AddToCartTest">
        <test-method is-config="true" signature="setUp()[pri:0, instance:tests.AddToCartTest@7161d8d1]" started-at="2025-12-11T19:56:38 WAT" name="setUp" finished-at="2025-12-11T19:56:39 WAT" duration-ms="817" status="PASS">
          <reporter-output>
          </reporter-output>
        </test-method> <!-- setUp -->
        <test-method signature="testAddProductToCart()[pri:0, instance:tests.AddToCartTest@7161d8d1]" started-at="2025-12-11T19:56:39 WAT" name="testAddProductToCart" finished-at="2025-12-11T19:56:42 WAT" duration-ms="3114" status="PASS">
          <reporter-output>
          </reporter-output>
        </test-method> <!-- testAddProductToCart -->
        <test-method is-config="true" signature="tearDown()[pri:0, instance:tests.AddToCartTest@7161d8d1]" started-at="2025-12-11T19:56:42 WAT" name="tearDown" finished-at="2025-12-11T19:56:43 WAT" duration-ms="253" status="PASS">
          <reporter-output>
          </reporter-output>
        </test-method> <!-- tearDown -->
      </class> <!-- tests.AddToCartTest -->
      <class name="tests.CheckoutTest">
        <test-method is-config="true" signature="setUp()[pri:0, instance:tests.CheckoutTest@74e28667]" started-at="2025-12-11T19:56:43 WAT" name="setUp" finished-at="2025-12-11T19:56:43 WAT" duration-ms="791" status="PASS">
          <reporter-output>
          </reporter-output>
        </test-method> <!-- setUp -->
        <test-method signature="testCheckoutProcess()[pri:0, instance:tests.CheckoutTest@74e28667]" started-at="2025-12-11T19:56:43 WAT" name="testCheckoutProcess" finished-at="2025-12-11T19:56:55 WAT" duration-ms="11155" status="PASS">
          <reporter-output>
          </reporter-output>
        </test-method> <!-- testCheckoutProcess -->
        <test-method is-config="true" signature="tearDown()[pri:0, instance:tests.CheckoutTest@74e28667]" started-at="2025-12-11T19:56:55 WAT" name="tearDown" finished-at="2025-12-11T19:56:55 WAT" duration-ms="361" status="PASS">
          <reporter-output>
          </reporter-output>
        </test-method> <!-- tearDown -->
      </class> <!-- tests.CheckoutTest -->
      <class name="tests.SearchTest">
        <test-method is-config="true" signature="setUp()[pri:0, instance:tests.SearchTest@74d1dc36]" started-at="2025-12-11T19:56:35 WAT" name="setUp" finished-at="2025-12-11T19:56:36 WAT" duration-ms="835" status="PASS">
          <reporter-output>
          </reporter-output>
        </test-method> <!-- setUp -->
        <test-method signature="testProductSearch()[pri:0, instance:tests.SearchTest@74d1dc36]" started-at="2025-12-11T19:56:36 WAT" name="testProductSearch" finished-at="2025-12-11T19:56:38 WAT" duration-ms="2212" status="PASS">
          <reporter-output>
          </reporter-output>
        </test-method> <!-- testProductSearch -->
        <test-method is-config="true" signature="tearDown()[pri:0, instance:tests.SearchTest@74d1dc36]" started-at="2025-12-11T19:56:38 WAT" name="tearDown" finished-at="2025-12-11T19:56:38 WAT" duration-ms="246" status="PASS">
          <reporter-output>
          </reporter-output>
        </test-method> <!-- tearDown -->
      </class> <!-- tests.SearchTest -->
      <class name="tests.NavigationTest">
        <test-method is-config="true" signature="setUp()[pri:0, instance:tests.NavigationTest@5677323c]" started-at="2025-12-11T19:56:31 WAT" name="setUp" finished-at="2025-12-11T19:56:33 WAT" duration-ms="1727" status="PASS">
          <reporter-output>
          </reporter-output>
        </test-method> <!-- setUp -->
        <test-method signature="testHomePageLoads()[pri:0, instance:tests.NavigationTest@5677323c]" started-at="2025-12-11T19:56:33 WAT" name="testHomePageLoads" finished-at="2025-12-11T19:56:35 WAT" duration-ms="1767" status="PASS">
          <reporter-output>
          </reporter-output>
        </test-method> <!-- testHomePageLoads -->
        <test-method is-config="true" signature="tearDown()[pri:0, instance:tests.NavigationTest@5677323c]" started-at="2025-12-11T19:56:35 WAT" name="tearDown" finished-at="2025-12-11T19:56:35 WAT" duration-ms="267" status="PASS">
          <reporter-output>
          </reporter-output>
        </test-method> <!-- tearDown -->
      </class> <!-- tests.NavigationTest -->
    </test> <!-- Ecommerce Functional Tests -->
  </suite> <!-- Ecommerce Test Suite -->
</testng-results>
